<?xml version="1.0" encoding="UTF-8"?>
<!-- Generated by org.testng.reporters.JUnitXMLReporter -->
<testsuite ignored="0" hostname="Ruturaj" failures="0" tests="4" name="Test" time="99.786" errors="0" timestamp="2022-08-04T21:12:20 IST">
  <testcase classname="com.sauce.TestClasses.TC004_VerifyMultipleproductAdd" name="mutipleProductAddToCartFunctionality" time="0.459"/>
  <testcase classname="com.sauce.TestClasses.TC002_VerifyLogOutFun" name="logOutFunctionality" time="0.731"/>
  <testcase classname="com.sauce.TestClasses.TC001_VerifyLoginFun" name="loginFuntionality" time="0.394"/>
  <testcase classname="com.sauce.TestClasses.TC003_VerifySingleProductAdd" name="bagProductAddTOCartFunctionality" time="0.438"/>
</testsuite> <!-- Test -->
